<?xml version="1.0" encoding="UTF-8"?>
<!-- Generated by org.testng.reporters.JUnitReportReporter -->
<testsuite hostname="LIN83003279" failures="0" tests="1" name="librariesTest.testcase" time="0.000" errors="0" timestamp="2021-07-15T15:39:57 IST" skipped="1">
  <testcase classname="librariesTest.testcase" name="verifyLoginPage" time="0.000">
    <skipped/>
  </testcase> <!-- verifyLoginPage -->
  <system-out/>
</testsuite> <!-- librariesTest.testcase -->
