<?xml version="1.0" encoding="UTF-8"?>
<!-- Generated by org.testng.reporters.JUnitReportReporter -->
<testsuite hostname="LIN83003279" failures="0" tests="12" name="librariesTest.testlogin" time="10.027" errors="0" timestamp="2021-07-15T21:19:23 IST" skipped="0">
  <testcase classname="librariesTest.testlogin" name="verifyLoginPage" time="0.022"/>
  <system-out/>
  <testcase classname="librariesTest.testlogin" name="image_present_or_not" time="0.061"/>
  <system-out/>
  <testcase classname="librariesTest.testlogin" name="article_text" time="0.039"/>
  <system-out/>
  <testcase classname="librariesTest.testlogin" name="article_quotation" time="0.037"/>
  <system-out/>
  <testcase classname="librariesTest.testlogin" name="health_blog" time="0.033"/>
  <system-out/>
  <testcase classname="librariesTest.testlogin" name="quote" time="0.035"/>
  <system-out/>
  <testcase classname="librariesTest.testlogin" name="health_blog_quotation" time="0.032"/>
  <system-out/>
  <testcase classname="librariesTest.testlogin" name="hi_name" time="0.034"/>
  <system-out/>
  <testcase classname="librariesTest.testlogin" name="appointments" time="3.901"/>
  <system-out/>
  <testcase classname="librariesTest.testlogin" name="Text_Found_or_Not" time="0.279"/>
  <system-out/>
  <testcase classname="librariesTest.testlogin" name="meds" time="5.459"/>
  <system-out/>
  <testcase classname="librariesTest.testlogin" name="labtests" time="0.095"/>
  <system-out/>
</testsuite> <!-- librariesTest.testlogin -->
